<?xml version="1.0" encoding="UTF-8"?>
<testng-results ignored="0" total="1" passed="1" failed="0" skipped="0">
  <reporter-output>
  </reporter-output>
  <suite started-at="2024-03-08T18:03:07 IST" name="Default suite" finished-at="2024-03-08T18:03:13 IST" duration-ms="6635">
    <groups>
    </groups>
    <test started-at="2024-03-08T18:03:07 IST" name="Default test" finished-at="2024-03-08T18:03:13 IST" duration-ms="6635">
      <class name="writingTestCases.LoginAndLogoutUsingPOM">
        <test-method signature="loginAndLogout()[pri:0, instance:writingTestCases.LoginAndLogoutUsingPOM@4f80542f]" started-at="2024-03-08T18:03:07 IST" name="loginAndLogout" finished-at="2024-03-08T18:03:13 IST" duration-ms="6594" status="PASS">
          <reporter-output>
          </reporter-output>
        </test-method> <!-- loginAndLogout -->
      </class> <!-- writingTestCases.LoginAndLogoutUsingPOM -->
    </test> <!-- Default test -->
  </suite> <!-- Default suite -->
</testng-results>
