<?xml version="1.0" encoding="UTF-8"?>
<!-- Generated by org.testng.reporters.JUnitXMLReporter -->
<testsuite ignored="0" hostname="TYSS-Sumanth-Chinivar" failures="0" tests="4" name="BatchExecution1" time="22.067" errors="0" timestamp="2024-03-02T16:58:16 IST">
  <testcase classname="functional.CheckFunctionalityOfShoppingCart" name="shoppingcart" time="4.654"/>
  <testcase classname="functional.CheckFunctionalityOfWishListLink" name="wishlist" time="3.935"/>
  <testcase classname="functional.CheckFunctionalityOfRegisterLink" name="register" time="5.852"/>
  <testcase classname="functional.CheckFunctionalityOfLoginLink" name="login" time="7.564"/>
</testsuite> <!-- BatchExecution1 -->
